2024-07-24T16:15:57.209+08:00  INFO 14852 --- [facebook-api] [restartedMain] com.fb.api.FacebookApiApplication        : Starting FacebookApiApplication using Java 17.0.8.1 with PID 14852 (D:\fgti\projects\Miscellaneous\interview\fb-api\facebook-api\target\classes started by LYNDON in D:\fgti\projects\Miscellaneous\interview\fb-api\facebook-api)
2024-07-24T16:15:57.211+08:00 DEBUG 14852 --- [facebook-api] [restartedMain] com.fb.api.FacebookApiApplication        : Running with Spring Boot v3.3.2, Spring v6.1.11
2024-07-24T16:15:57.212+08:00  INFO 14852 --- [facebook-api] [restartedMain] com.fb.api.FacebookApiApplication        : No active profile set, falling back to 1 default profile: "default"
2024-07-24T16:15:57.271+08:00  INFO 14852 --- [facebook-api] [restartedMain] .e.DevToolsPropertyDefaultsPostProcessor : Devtools property defaults active! Set 'spring.devtools.add-properties' to 'false' to disable
2024-07-24T16:15:57.272+08:00  INFO 14852 --- [facebook-api] [restartedMain] .e.DevToolsPropertyDefaultsPostProcessor : For additional web related logging consider setting the 'logging.level.web' property to 'DEBUG'
2024-07-24T16:15:58.530+08:00  INFO 14852 --- [facebook-api] [restartedMain] o.s.b.w.embedded.tomcat.TomcatWebServer  : Tomcat initialized with port 8080 (http)
2024-07-24T16:15:58.542+08:00  INFO 14852 --- [facebook-api] [restartedMain] o.apache.catalina.core.StandardService   : Starting service [Tomcat]
2024-07-24T16:15:58.543+08:00  INFO 14852 --- [facebook-api] [restartedMain] o.apache.catalina.core.StandardEngine    : Starting Servlet engine: [Apache Tomcat/10.1.26]
2024-07-24T16:15:58.598+08:00  INFO 14852 --- [facebook-api] [restartedMain] o.a.c.c.C.[Tomcat].[localhost].[/]       : Initializing Spring embedded WebApplicationContext
2024-07-24T16:15:58.599+08:00  INFO 14852 --- [facebook-api] [restartedMain] w.s.c.ServletWebServerApplicationContext : Root WebApplicationContext: initialization completed in 1326 ms
2024-07-24T16:15:58.956+08:00 DEBUG 14852 --- [facebook-api] [restartedMain] s.w.s.m.m.a.RequestMappingHandlerMapping : 5 mappings in 'requestMappingHandlerMapping'
2024-07-24T16:15:59.069+08:00 DEBUG 14852 --- [facebook-api] [restartedMain] o.s.w.s.handler.SimpleUrlHandlerMapping  : Patterns [/webjars/**, /**] in 'resourceHandlerMapping'
2024-07-24T16:15:59.112+08:00 DEBUG 14852 --- [facebook-api] [restartedMain] s.w.s.m.m.a.RequestMappingHandlerAdapter : ControllerAdvice beans: 0 @ModelAttribute, 0 @InitBinder, 1 RequestBodyAdvice, 1 ResponseBodyAdvice
2024-07-24T16:15:59.146+08:00 DEBUG 14852 --- [facebook-api] [restartedMain] .m.m.a.ExceptionHandlerExceptionResolver : ControllerAdvice beans: 1 @ExceptionHandler, 1 ResponseBodyAdvice
2024-07-24T16:15:59.175+08:00 DEBUG 14852 --- [facebook-api] [restartedMain] .m.m.a.ExceptionHandlerExceptionResolver : ControllerAdvice beans: 1 @ExceptionHandler, 0 ResponseBodyAdvice
2024-07-24T16:15:59.354+08:00  INFO 14852 --- [facebook-api] [restartedMain] o.s.b.d.a.OptionalLiveReloadServer       : LiveReload server is running on port 35729
2024-07-24T16:15:59.394+08:00  INFO 14852 --- [facebook-api] [restartedMain] o.s.b.w.embedded.tomcat.TomcatWebServer  : Tomcat started on port 8080 (http) with context path '/'
2024-07-24T16:15:59.405+08:00  INFO 14852 --- [facebook-api] [restartedMain] com.fb.api.FacebookApiApplication        : Started FacebookApiApplication in 2.655 seconds (process running for 3.147)
2024-07-24T16:16:14.022+08:00  INFO 14852 --- [facebook-api] [http-nio-8080-exec-2] o.a.c.c.C.[Tomcat].[localhost].[/]       : Initializing Spring DispatcherServlet 'dispatcherServlet'
2024-07-24T16:16:14.023+08:00  INFO 14852 --- [facebook-api] [http-nio-8080-exec-2] o.s.web.servlet.DispatcherServlet        : Initializing Servlet 'dispatcherServlet'
2024-07-24T16:16:14.023+08:00 DEBUG 14852 --- [facebook-api] [http-nio-8080-exec-2] o.s.web.servlet.DispatcherServlet        : Detected StandardServletMultipartResolver
2024-07-24T16:16:14.023+08:00 DEBUG 14852 --- [facebook-api] [http-nio-8080-exec-2] o.s.web.servlet.DispatcherServlet        : Detected AcceptHeaderLocaleResolver
2024-07-24T16:16:14.023+08:00 DEBUG 14852 --- [facebook-api] [http-nio-8080-exec-2] o.s.web.servlet.DispatcherServlet        : Detected FixedThemeResolver
2024-07-24T16:16:14.024+08:00 DEBUG 14852 --- [facebook-api] [http-nio-8080-exec-2] o.s.web.servlet.DispatcherServlet        : Detected org.springframework.web.servlet.view.DefaultRequestToViewNameTranslator@7cf2b365
2024-07-24T16:16:14.024+08:00 DEBUG 14852 --- [facebook-api] [http-nio-8080-exec-2] o.s.web.servlet.DispatcherServlet        : Detected org.springframework.web.servlet.support.SessionFlashMapManager@6352b58f
2024-07-24T16:16:14.024+08:00 DEBUG 14852 --- [facebook-api] [http-nio-8080-exec-2] o.s.web.servlet.DispatcherServlet        : enableLoggingRequestDetails='false': request parameters and headers will be masked to prevent unsafe logging of potentially sensitive data
2024-07-24T16:16:14.025+08:00  INFO 14852 --- [facebook-api] [http-nio-8080-exec-2] o.s.web.servlet.DispatcherServlet        : Completed initialization in 2 ms
2024-07-24T16:16:14.032+08:00 DEBUG 14852 --- [facebook-api] [http-nio-8080-exec-2] o.s.web.servlet.DispatcherServlet        : POST "/api/user/adduser?username=john%20doe&email=john.doe@mail.com", parameters={masked}
2024-07-24T16:16:14.041+08:00 DEBUG 14852 --- [facebook-api] [http-nio-8080-exec-2] s.w.s.m.m.a.RequestMappingHandlerMapping : Mapped to com.fb.api.controller.ApplicationController#addUser(String, String)
2024-07-24T16:16:14.061+08:00 TRACE 14852 --- [facebook-api] [http-nio-8080-exec-2] c.f.a.controller.ApplicationController   : addUser... 
2024-07-24T16:16:14.064+08:00 TRACE 14852 --- [facebook-api] [http-nio-8080-exec-2] c.f.a.controller.ApplicationController   : user: UserModel(id=0, username=john doe, email=john.doe@mail.com) is avaible 
2024-07-24T16:16:14.066+08:00 TRACE 14852 --- [facebook-api] [http-nio-8080-exec-2] c.f.a.controller.ApplicationController   : new user added. UserDataModel(userInfo=UserModel(id=100, username=john doe, email=john.doe@mail.com), friends={}) 
2024-07-24T16:16:14.098+08:00 DEBUG 14852 --- [facebook-api] [http-nio-8080-exec-2] m.m.a.RequestResponseBodyMethodProcessor : Using 'application/json', given [*/*] and supported [application/json, application/*+json]
2024-07-24T16:16:14.100+08:00 DEBUG 14852 --- [facebook-api] [http-nio-8080-exec-2] m.m.a.RequestResponseBodyMethodProcessor : Writing [ApiResponse(status=SUCCESS, msg=new user added, data=UserDataModel(userInfo=UserModel(id=100, userna (truncated)...]
2024-07-24T16:16:14.121+08:00 DEBUG 14852 --- [facebook-api] [http-nio-8080-exec-2] o.s.web.servlet.DispatcherServlet        : Completed 200 OK
2024-07-24T16:16:16.964+08:00 DEBUG 14852 --- [facebook-api] [http-nio-8080-exec-3] o.s.web.servlet.DispatcherServlet        : POST "/api/user/adduser?username=john%20does&email=john.does@mail.com", parameters={masked}
2024-07-24T16:16:16.965+08:00 DEBUG 14852 --- [facebook-api] [http-nio-8080-exec-3] s.w.s.m.m.a.RequestMappingHandlerMapping : Mapped to com.fb.api.controller.ApplicationController#addUser(String, String)
2024-07-24T16:16:16.965+08:00 TRACE 14852 --- [facebook-api] [http-nio-8080-exec-3] c.f.a.controller.ApplicationController   : addUser... 
2024-07-24T16:16:16.965+08:00 TRACE 14852 --- [facebook-api] [http-nio-8080-exec-3] c.f.a.controller.ApplicationController   : user: UserModel(id=0, username=john does, email=john.does@mail.com) is avaible 
2024-07-24T16:16:16.965+08:00 TRACE 14852 --- [facebook-api] [http-nio-8080-exec-3] c.f.a.controller.ApplicationController   : new user added. UserDataModel(userInfo=UserModel(id=101, username=john does, email=john.does@mail.com), friends={}) 
2024-07-24T16:16:16.966+08:00 DEBUG 14852 --- [facebook-api] [http-nio-8080-exec-3] m.m.a.RequestResponseBodyMethodProcessor : Using 'application/json', given [*/*] and supported [application/json, application/*+json]
2024-07-24T16:16:16.966+08:00 DEBUG 14852 --- [facebook-api] [http-nio-8080-exec-3] m.m.a.RequestResponseBodyMethodProcessor : Writing [ApiResponse(status=SUCCESS, msg=new user added, data=UserDataModel(userInfo=UserModel(id=101, userna (truncated)...]
2024-07-24T16:16:16.967+08:00 DEBUG 14852 --- [facebook-api] [http-nio-8080-exec-3] o.s.web.servlet.DispatcherServlet        : Completed 200 OK
2024-07-24T16:16:20.457+08:00 DEBUG 14852 --- [facebook-api] [http-nio-8080-exec-4] o.s.web.servlet.DispatcherServlet        : POST "/api/user/adduser?username=john%20doesnt&email=john.doesnt@mail.com", parameters={masked}
2024-07-24T16:16:20.458+08:00 DEBUG 14852 --- [facebook-api] [http-nio-8080-exec-4] s.w.s.m.m.a.RequestMappingHandlerMapping : Mapped to com.fb.api.controller.ApplicationController#addUser(String, String)
2024-07-24T16:16:20.458+08:00 TRACE 14852 --- [facebook-api] [http-nio-8080-exec-4] c.f.a.controller.ApplicationController   : addUser... 
2024-07-24T16:16:20.458+08:00 TRACE 14852 --- [facebook-api] [http-nio-8080-exec-4] c.f.a.controller.ApplicationController   : user: UserModel(id=0, username=john doesnt, email=john.doesnt@mail.com) is avaible 
2024-07-24T16:16:20.458+08:00 TRACE 14852 --- [facebook-api] [http-nio-8080-exec-4] c.f.a.controller.ApplicationController   : new user added. UserDataModel(userInfo=UserModel(id=102, username=john doesnt, email=john.doesnt@mail.com), friends={}) 
2024-07-24T16:16:20.459+08:00 DEBUG 14852 --- [facebook-api] [http-nio-8080-exec-4] m.m.a.RequestResponseBodyMethodProcessor : Using 'application/json', given [*/*] and supported [application/json, application/*+json]
2024-07-24T16:16:20.459+08:00 DEBUG 14852 --- [facebook-api] [http-nio-8080-exec-4] m.m.a.RequestResponseBodyMethodProcessor : Writing [ApiResponse(status=SUCCESS, msg=new user added, data=UserDataModel(userInfo=UserModel(id=102, userna (truncated)...]
2024-07-24T16:16:20.460+08:00 DEBUG 14852 --- [facebook-api] [http-nio-8080-exec-4] o.s.web.servlet.DispatcherServlet        : Completed 200 OK
2024-07-24T16:16:24.423+08:00 DEBUG 14852 --- [facebook-api] [http-nio-8080-exec-5] o.s.web.servlet.DispatcherServlet        : PUT "/api/user/100/addfriend?friendId=101", parameters={masked}
2024-07-24T16:16:24.423+08:00 DEBUG 14852 --- [facebook-api] [http-nio-8080-exec-5] s.w.s.m.m.a.RequestMappingHandlerMapping : Mapped to com.fb.api.controller.ApplicationController#friendRequest(int, int)
2024-07-24T16:16:24.425+08:00 TRACE 14852 --- [facebook-api] [http-nio-8080-exec-5] c.f.a.controller.ApplicationController   : friendRequest... 
2024-07-24T16:16:24.426+08:00 TRACE 14852 --- [facebook-api] [http-nio-8080-exec-5] c.f.a.controller.ApplicationController   : adding new friend
2024-07-24T16:16:24.427+08:00 TRACE 14852 --- [facebook-api] [http-nio-8080-exec-5] c.f.a.controller.ApplicationController   : New Friend Added john doe
2024-07-24T16:16:24.427+08:00 TRACE 14852 --- [facebook-api] [http-nio-8080-exec-5] c.f.a.controller.ApplicationController   : adding new friend
2024-07-24T16:16:24.427+08:00 TRACE 14852 --- [facebook-api] [http-nio-8080-exec-5] c.f.a.controller.ApplicationController   : New Friend Added john does
2024-07-24T16:16:24.427+08:00 DEBUG 14852 --- [facebook-api] [http-nio-8080-exec-5] m.m.a.RequestResponseBodyMethodProcessor : Using 'application/json', given [*/*] and supported [application/json, application/*+json]
2024-07-24T16:16:24.427+08:00 DEBUG 14852 --- [facebook-api] [http-nio-8080-exec-5] m.m.a.RequestResponseBodyMethodProcessor : Writing [ApiResponse(status=SUCCESS, msg=New Friend Added john does, data=UserDataModel(userInfo=UserModel(id (truncated)...]
2024-07-24T16:16:24.428+08:00 DEBUG 14852 --- [facebook-api] [http-nio-8080-exec-5] o.s.web.servlet.DispatcherServlet        : Completed 200 OK
2024-07-24T16:16:26.977+08:00 DEBUG 14852 --- [facebook-api] [http-nio-8080-exec-6] o.s.web.servlet.DispatcherServlet        : PUT "/api/user/100/addfriend?friendId=102", parameters={masked}
2024-07-24T16:16:26.977+08:00 DEBUG 14852 --- [facebook-api] [http-nio-8080-exec-6] s.w.s.m.m.a.RequestMappingHandlerMapping : Mapped to com.fb.api.controller.ApplicationController#friendRequest(int, int)
2024-07-24T16:16:26.977+08:00 TRACE 14852 --- [facebook-api] [http-nio-8080-exec-6] c.f.a.controller.ApplicationController   : friendRequest... 
2024-07-24T16:16:26.978+08:00 TRACE 14852 --- [facebook-api] [http-nio-8080-exec-6] c.f.a.controller.ApplicationController   : adding new friend
2024-07-24T16:16:26.978+08:00 TRACE 14852 --- [facebook-api] [http-nio-8080-exec-6] c.f.a.controller.ApplicationController   : New Friend Added john doe
2024-07-24T16:16:26.978+08:00 TRACE 14852 --- [facebook-api] [http-nio-8080-exec-6] c.f.a.controller.ApplicationController   : adding new friend
2024-07-24T16:16:26.978+08:00 TRACE 14852 --- [facebook-api] [http-nio-8080-exec-6] c.f.a.controller.ApplicationController   : New Friend Added john doesnt
2024-07-24T16:16:26.978+08:00 DEBUG 14852 --- [facebook-api] [http-nio-8080-exec-6] m.m.a.RequestResponseBodyMethodProcessor : Using 'application/json', given [*/*] and supported [application/json, application/*+json]
2024-07-24T16:16:26.978+08:00 DEBUG 14852 --- [facebook-api] [http-nio-8080-exec-6] m.m.a.RequestResponseBodyMethodProcessor : Writing [ApiResponse(status=SUCCESS, msg=New Friend Added john doesnt, data=UserDataModel(userInfo=UserModel( (truncated)...]
2024-07-24T16:16:26.979+08:00 DEBUG 14852 --- [facebook-api] [http-nio-8080-exec-6] o.s.web.servlet.DispatcherServlet        : Completed 200 OK
2024-07-24T16:16:29.595+08:00 DEBUG 14852 --- [facebook-api] [http-nio-8080-exec-7] o.s.web.servlet.DispatcherServlet        : GET "/api/user/list", parameters={}
2024-07-24T16:16:29.596+08:00 DEBUG 14852 --- [facebook-api] [http-nio-8080-exec-7] s.w.s.m.m.a.RequestMappingHandlerMapping : Mapped to com.fb.api.controller.ApplicationController#getAll()
2024-07-24T16:16:29.596+08:00 DEBUG 14852 --- [facebook-api] [http-nio-8080-exec-7] m.m.a.RequestResponseBodyMethodProcessor : Using 'application/json', given [*/*] and supported [application/json, application/*+json]
2024-07-24T16:16:29.596+08:00 DEBUG 14852 --- [facebook-api] [http-nio-8080-exec-7] m.m.a.RequestResponseBodyMethodProcessor : Writing [ApiResponse(status=SUCCESS, msg=null, data=[UserDataModel(userInfo=UserModel(id=100, username=john d (truncated)...]
2024-07-24T16:16:29.598+08:00 DEBUG 14852 --- [facebook-api] [http-nio-8080-exec-7] o.s.web.servlet.DispatcherServlet        : Completed 200 OK
